<?xml version="1.0" encoding="UTF-8"?>
<beans xmlns="http://www.springframework.org/schema/beans"
       xmlns:util="http://www.springframework.org/schema/util"
       xmlns:xsi="http://www.w3.org/2001/XMLSchema-instance"
       xmlns:context="http://www.springframework.org/schema/context"
       xmlns:c="http://www.springframework.org/schema/c"
       xmlns:p="http://www.springframework.org/schema/p"
       xsi:schemaLocation="
       http://www.springframework.org/schema/beans http://www.springframework.org/schema/beans/spring-beans.xsd
       http://www.springframework.org/schema/context http://www.springframework.org/schema/context/spring-context.xsd
       http://www.springframework.org/schema/util http://www.springframework.org/schema/util/spring-util-3.0.xsd">
    <context:annotation-config/>
    <context:component-scan base-package="com.ofg.loans"/>
    <context:property-placeholder location="classpath:config.properties"/>

    <bean class="com.ofg.loans.rules.impls.MaxAttemptsRiskRule"/>
    <bean class="com.ofg.loans.rules.impls.TimeframeRiskRule"/>

    <bean id="client" class="com.ofg.loans.model.Client"
          p:firstName="Noob"
          p:lastName="Saibot"/>

    <bean id="may" class="java.time.Month" factory-method="of" c:_0="4"/>
    <bean id="goodTime" class="java.time.LocalDateTime" factory-method="of"
          c:_0="2016" c:_1-ref="may" c:_2="12"
          c:_3="12" c:_4="0"/>
    <bean id="badTime" class="java.time.LocalDateTime" factory-method="of"
          c:_0="2016" c:_1-ref="may" c:_2="12"
          c:_3="4" c:_4="0"/>

    <bean id="goodLoanApplication" class="com.ofg.loans.model.LoanApplication"
          c:_0="127.0.0.1" c:_1-ref="client" c:_2="50" c:_3="5"
          p:applicationTS-ref="goodTime"/>
    <bean class="com.ofg.loans.model.LoanApplication"
          c:_0="127.0.0.2" c:_1-ref="client" c:_2="90" c:_3="10"
          p:applicationTS-ref="goodTime"/>
    <bean class="com.ofg.loans.model.LoanApplication"
          c:_0="127.0.0.3" c:_1-ref="client" c:_2="100" c:_3="20"/>
    <bean id="badLoanApplication" class="com.ofg.loans.model.LoanApplication"
          c:_0="127.0.0.4" c:_1-ref="client" c:_2="101" c:_3="30"
          p:applicationTS-ref="badTime"/>
    <bean class="com.ofg.loans.model.LoanApplication"
          c:_0="127.0.0.5" c:_1-ref="client" c:_2="-1" c:_3="40"/>

    <util:map id="mockIpMap" key-type="java.lang.String" value-type="java.lang.Integer">
        <entry key="127.0.0.1" value="1"/>
        <entry key="127.0.0.2" value="2"/>
        <entry key="127.0.0.3" value="3"/>
        <entry key="127.0.0.4" value="4"/>
        <entry key="127.0.0.5" value="5"/>
    </util:map>

</beans>